PAGE:   1                                             PT. ALTO NETWORK                                   DATE: 08/05/20
REPORT ID: DNLD05A                                    REJECTED TRANSACTION LISTING AS ACQUIRER                   TIME: 00:22:42

SETTLEMENT DATE   : 07/05/20
ISSUER F.I. NO.   : (1003) Maybank
ACQUIRER F.I. NO. : (1100) BJB
            
   TERM      TRACE NUMBER     CARD ACCOUNT         RCPT  RCPT      RECEIPT   TRANS   AMOUNT            INTERCHANGE       RESP  REJC  DESCRIPT                REJC   RJ FEE
   NO.       ACQ / SWT        NUMBER               NBR   DATE      TIME      TYPE    REQUESTED         FEE DUE FROM      CODE  CODE  CODE                    CLASS  DUE TO
   --------  ---------------  -------------------  ----  --------  --------  ------  ----------------  ----------------  ----  ----  ----------------------  -----  ------
   1000840   317902 / 020552  0001946900194422172  9863  13/11/21  07:59:55  WDL SA        50,000,000             7,500      51        INSUFFICIENT FUNDS      CUST   I       
   1002211   317903 / 020553  0005264220840257822  9864  13/11/21  07:59:55  WDL SA                 0             7,500      51        INSUFFICIENT FUNDS      CUST   I       
   1000414   317904 / 013407  0005379413037002018  9865  13/11/21  07:59:55  WDL SA         5,000,000             7,500      51        INSUFFICIENT FUNDS      CUST   I       
   1000239   317905 / 013409  0005307952005822151  9869  13/11/21  07:59:56  WDL SA        30,000,000             7,500      51        INSUFFICIENT FUNDS      CUST   I       
   1001796   317906 / 013414  0006019005020542291  9876  13/11/21  07:59:57  WDL SA                 0             7,500      51        INSUFFICIENT FUNDS      CUST   I       
   1001593   317907 / 013417  0005307952036252337  9878  13/11/21  07:59:58  WDL SA        50,000,000             7,500      51        INSUFFICIENT FUNDS      CUST   I       
   1000362   006422 / 024186  0004215708122797955  0302  13/11/21  13:54:55  WDL SA       110,000,000             7,500      51        INSUFFICIENT FUNDS      CUST   I       
   1002070   348225 / 008580  0005379413035725339  0304  13/11/21  13:54:55  WDL SA       100,000,000             7,500      51        INSUFFICIENT FUNDS      CUST   I       
   1001218   348226 / 008599  0005379412076005254  0308  13/11/21  13:54:57  WDL SA        20,000,000             7,500      51        INSUFFICIENT FUNDS      CUST   I       
   --------  ---------------  -------------------  ----  --------  --------  ------  ----------------  ----------------  ----  ----  ----------------------  -----  ------
                                                         9 TRANSACTIONS, PAGE TOTAL     365,000,000            67,500
                                                         9 TRANSACTIONS, BANK TOTAL     365,000,000            67,500
   ---------------------------------------------------------------------------------------------------------------------------------------
   BANK TOTAL REJECTED TXN CLASS   CUST :    8   PROC :     0   TECH :     0   CUST-CAPT :     0   PROC-CAPT : 0
   ---------------------------------------------------------------------------------------------------------------------------------------

PAGE:   1                                             PT. ALTO NETWORK                                   DATE: 08/05/20
REPORT ID: DNLD05A                                    REJECTED TRANSACTION LISTING AS ACQUIRER                   TIME: 00:22:42

SETTLEMENT DATE   : 07/05/20
ISSUER F.I. NO.   : (1004) Permata
ACQUIRER F.I. NO. : (1100) BJB
            
   TERM      TRACE NUMBER     CARD ACCOUNT         RCPT  RCPT      RECEIPT   TRANS   AMOUNT            INTERCHANGE       RESP  REJC  DESCRIPT                REJC   RJ FEE
   NO.       ACQ / SWT        NUMBER               NBR   DATE      TIME      TYPE    REQUESTED         FEE DUE FROM      CODE  CODE  CODE                    CLASS  DUE TO
   --------  ---------------  -------------------  ----  --------  --------  ------  ----------------  ----------------  ----  ----  ----------------------  -----  ------
   1001557   348228 / 008602  0005260512021199227  0311  13/11/21  13:54:58  WDL SA        20,000,000             7,500      51        INSUFFICIENT FUNDS      CUST   I       
   1002247   348227 / 008601  0006019004518610611  0310  13/11/21  13:54:58  WDL SA                 0             7,500      51        INSUFFICIENT FUNDS      CUST   I       
   1001276   348229 / 008612  0005307952035018044  0316  13/11/21  13:54:59  WDL SA        50,000,000             7,500      51        INSUFFICIENT FUNDS      CUST   I       
   1001090   348230 / 012863  0001946340190026489  0317  13/11/21  13:54:59  WDL SA       150,000,000             7,500      51        INSUFFICIENT FUNDS      CUST   I       
   1001776   348231 / 008617  0005379412080122038  0318  13/11/21  13:54:59  WDL SA        20,000,000             7,500      51        INSUFFICIENT FUNDS      CUST   I       
   1000718   348232 / 008619  0005379413035408837  0321  13/11/21  13:54:59  WDL SA        80,000,000             7,500      51        INSUFFICIENT FUNDS      CUST   I       
   1001751   348233 / 012888  0001946900691849711  0325  13/11/21  13:55:02  WDL SA                 0             7,500      51        INSUFFICIENT FUNDS      CUST   I       
   1001279   348234 / 012892  0005264231450069811  0327  13/11/21  13:55:02  WDL SA                 0             7,500      51        INSUFFICIENT FUNDS      CUST   I       
   1000380   348236 / 012911  0001946901810837033  0332  13/11/21  13:55:04  WDL SA                 0             7,500      51        INSUFFICIENT FUNDS      CUST   I       
   1000370   348238 / 012928  0005264222592857015  0336  13/11/21  13:55:05  WDL SA       150,000,000             7,500      51        INSUFFICIENT FUNDS      CUST   I       
   1001153   348237 / 012924  0005371760940079980  0333  13/11/21  13:55:05  WDL SA       150,000,000             7,500      51        INSUFFICIENT FUNDS      CUST   I       
   1001731   004683 / 024197  0004854478200367750  0337  13/11/21  13:55:05  WDL SA                 0             7,500      51        INSUFFICIENT FUNDS      CUST   I       
   1000931   348239 / 008702  0006019007527309562  0339  13/11/21  13:55:06  WDL SA        35,000,000             7,500      51        INSUFFICIENT FUNDS      CUST   I       
   1001086   348241 / 012946  0001946341030259884  0343  13/11/21  13:55:07  WDL SA        10,000,000             7,500      51        INSUFFICIENT FUNDS      CUST   I       
   1000834   348240 / 005181  0005104811106861614  0342  13/11/21  13:55:07  WDL SA        70,000,000             7,500      51        INSUFFICIENT FUNDS      CUST   I       
   --------  ---------------  -------------------  ----  --------  --------  ------  ----------------  ----------------  ----  ----  ----------------------  -----  ------
                                                        15 TRANSACTIONS, PAGE TOTAL     735,000,000           112,500
                                                        15 TRANSACTIONS, BANK TOTAL     735,000,000           112,500
   ---------------------------------------------------------------------------------------------------------------------------------------
   BANK TOTAL REJECTED TXN CLASS   CUST :    8   PROC :     0   TECH :     0   CUST-CAPT :     0   PROC-CAPT : 0
   ---------------------------------------------------------------------------------------------------------------------------------------

PAGE:   1                                             PT. ALTO NETWORK                                   DATE: 08/05/20
REPORT ID: DNLD05A                                    REJECTED TRANSACTION LISTING AS ACQUIRER                   TIME: 00:22:42

SETTLEMENT DATE   : 07/05/20
ISSUER F.I. NO.   : (1005) Panin
ACQUIRER F.I. NO. : (1100) BJB
            
   TERM      TRACE NUMBER     CARD ACCOUNT         RCPT  RCPT      RECEIPT   TRANS   AMOUNT            INTERCHANGE       RESP  REJC  DESCRIPT                REJC   RJ FEE
   NO.       ACQ / SWT        NUMBER               NBR   DATE      TIME      TYPE    REQUESTED         FEE DUE FROM      CODE  CODE  CODE                    CLASS  DUE TO
   --------  ---------------  -------------------  ----  --------  --------  ------  ----------------  ----------------  ----  ----  ----------------------  -----  ------
   1001235   348243 / 008740  0006019007517002144  0349  13/11/21  13:55:08  WDL SA                 0             7,500      51        INSUFFICIENT FUNDS      CUST   I       
   1001940   348242 / 012949  0001946900462277878  0346  13/11/21  13:55:08  WDL SA                 0             7,500      51        INSUFFICIENT FUNDS      CUST   I       
   1000506   348244 / 008748  0006019007537096324  0354  13/11/21  13:55:09  WDL SA                 0             7,500      51        INSUFFICIENT FUNDS      CUST   I       
   1001304   348245 / 008779  0006019005006506898  0356  13/11/21  13:55:11  WDL SA        35,000,000             7,500      51        INSUFFICIENT FUNDS      CUST   I       
   1000484   004333 / 024203  0006221008702550289  0359  13/11/21  13:55:12  WDL SA                 0             7,500      51        INSUFFICIENT FUNDS      CUST   I       
   1001236   348246 / 012983  0001946901810121487  0360  13/11/21  13:55:12  WDL SA        40,000,000             7,500      51        INSUFFICIENT FUNDS      CUST   I       
   1000360   348247 / 013007  0005264221203786704  0367  13/11/21  13:55:14  WDL SA        10,000,000             7,500      51        INSUFFICIENT FUNDS      CUST   I       
   1001293   348248 / 013011  0001946900193654502  0368  13/11/21  13:55:15  WDL SA                 0             7,500      51        INSUFFICIENT FUNDS      CUST   I       
   1000228   008250 / 024205  0004215708306261992  0369  13/11/21  13:55:15  WDL SA                 0             7,500      51        INSUFFICIENT FUNDS      CUST   I       
   1000590   348252 / 008867  0006019001753401219  0375  13/11/21  13:55:16  WDL SA        10,000,000             7,500      51        INSUFFICIENT FUNDS      CUST   I       
   1000127   348251 / 013019  0001946900613372271  0373  13/11/21  13:55:16  WDL SA                 0             7,500      51        INSUFFICIENT FUNDS      CUST   I       
   1000543   348250 / 008860  0005379413032745355  0372  13/11/21  13:55:16  WDL SA        50,000,000             7,500      51        INSUFFICIENT FUNDS      CUST   I       
   1001657   348249 / 013016  0005264220463476493  0371  13/11/21  13:55:16  WDL SA         5,000,000             7,500      51        INSUFFICIENT FUNDS      CUST   I       
   1001557   348253 / 008933  0005260512021199227  0386  13/11/21  13:55:20  WDL SA        10,000,000             7,500      51        INSUFFICIENT FUNDS      CUST   I       
   1000968   348254 / 008954  0005307952003956522  0388  13/11/21  13:55:21  WDL SA        30,000,000             7,500      51        INSUFFICIENT FUNDS      CUST   I       
   1000280   348255 / 013057  0005198933130079885  0389  13/11/21  13:55:21  WDL SA        25,000,000             7,500      51        INSUFFICIENT FUNDS      CUST   I       
   1001056   348256 / 008966  0006019007546070914  0393  13/11/21  13:55:21  WDL SA        10,000,000             7,500      51        INSUFFICIENT FUNDS      CUST   I       
   1000366   004220 / 024207  0004215708110972115  0390  13/11/21  13:55:21  WDL SA        20,000,000             7,500      51        INSUFFICIENT FUNDS      CUST   I       
   1000137   348258 / 013067  0001946901810267579  0395  13/11/21  13:55:22  WDL SA                 0             7,500      51        INSUFFICIENT FUNDS      CUST   I       
   1001054   348257 / 013066  0006010040462694960  0394  13/11/21  13:55:22  WDL SA        10,000,000             7,500      51        INSUFFICIENT FUNDS      CUST   I       
   1002044   348260 / 013075  0005264221800316764  0398  13/11/21  13:55:23  WDL SA                 0             7,500      51        INSUFFICIENT FUNDS      CUST   I       
   1002164   348259 / 013073  0005264221551419783  0397  13/11/21  13:55:23  WDL SA                 0             7,500      51        INSUFFICIENT FUNDS      CUST   I       
   1000787   348262 / 013079  0001946900191363148  0400  13/11/21  13:55:24  WDL SA        60,000,000             7,500      51        INSUFFICIENT FUNDS      CUST   I       
   1001019   348263 / 027738  0004640053083586138  0402  13/11/21  13:55:25  WDL SA        50,000,000             7,500      51        INSUFFICIENT FUNDS      CUST   I       
   1000080   348264 / 009013  0005260512021222748  0403  13/11/21  13:55:25  WDL SA        30,000,000             7,500      51        INSUFFICIENT FUNDS      CUST   I       
   1001503   348265 / 009024  0006019002673150233  0406  13/11/21  13:55:26  WDL SA        15,000,000             7,500      51        INSUFFICIENT FUNDS      CUST   I       
   1000388   348267 / 009035  0005379413035865564  0411  13/11/21  13:55:27  WDL SA       130,000,000             7,500      51        INSUFFICIENT FUNDS      CUST   I       
   1001093   348266 / 009027  0006019001756247155  0407  13/11/21  13:55:27  WDL SA        65,000,000             7,500      51        INSUFFICIENT FUNDS      CUST   I       
   1001021   348268 / 013111  0005264222852761691  0413  13/11/21  13:55:28  WDL SA       100,000,000             7,500      51        INSUFFICIENT FUNDS      CUST   I       
   --------  ---------------  -------------------  ----  --------  --------  ------  ----------------  ----------------  ----  ----  ----------------------  -----  ------
                                                        29 TRANSACTIONS, PAGE TOTAL     705,000,000           217,500
                                                        29 TRANSACTIONS, BANK TOTAL     705,000,000           217,500
   ---------------------------------------------------------------------------------------------------------------------------------------
   BANK TOTAL REJECTED TXN CLASS   CUST :    8   PROC :     0   TECH :     0   CUST-CAPT :     0   PROC-CAPT : 0
   ---------------------------------------------------------------------------------------------------------------------------------------

PAGE:   1                                             PT. ALTO NETWORK                                   DATE: 08/05/20
REPORT ID: DNLD05A                                    REJECTED TRANSACTION LISTING AS ACQUIRER                   TIME: 00:22:42

SETTLEMENT DATE   : 07/05/20
ISSUER F.I. NO.   : (1006) Sinarmas
ACQUIRER F.I. NO. : (1100) BJB
            
   TERM      TRACE NUMBER     CARD ACCOUNT         RCPT  RCPT      RECEIPT   TRANS   AMOUNT            INTERCHANGE       RESP  REJC  DESCRIPT                REJC   RJ FEE
   NO.       ACQ / SWT        NUMBER               NBR   DATE      TIME      TYPE    REQUESTED         FEE DUE FROM      CODE  CODE  CODE                    CLASS  DUE TO
   --------  ---------------  -------------------  ----  --------  --------  ------  ----------------  ----------------  ----  ----  ----------------------  -----  ------
   1002261   348269 / 009054  0006019005003824971  0416  13/11/21  13:55:29  WDL SA       100,000,000             7,500      51        INSUFFICIENT FUNDS      CUST   I       
   1001619   348270 / 009057  0006019007529162431  0417  13/11/21  13:55:29  WDL SA       150,000,000             7,500      51        INSUFFICIENT FUNDS      CUST   I       
   1001390   348271 / 009068  0006019005019407589  0418  13/11/21  13:55:30  WDL SA                 0             7,500      51        INSUFFICIENT FUNDS      CUST   I       
   1000306   348272 / 027751  0005893851242914278  0421  13/11/21  13:55:31  WDL SA        10,000,000             7,500      51        INSUFFICIENT FUNDS      CUST   I       
   1001998   348273 / 013148  0001946900740801135  0423  13/11/21  13:55:32  WDL SA        45,000,000             7,500      51        INSUFFICIENT FUNDS      CUST   I       
   1000680   348274 / 009092  0006019002673692515  0425  13/11/21  13:55:33  WDL SA                 0             7,500      51        INSUFFICIENT FUNDS      CUST   I       
   1000386   348276 / 013152  0001946903110490109  0428  13/11/21  13:55:33  WDL SA        10,000,000             7,500      51        INSUFFICIENT FUNDS      CUST   I       
   1000144   348278 / 013158  0005264220372836928  0435  13/11/21  13:55:34  WDL SA                 0             7,500      51        INSUFFICIENT FUNDS      CUST   I       
   1000620   348277 / 009107  0005260512019591781  0434  13/11/21  13:55:34  WDL SA        20,000,000             7,500      51        INSUFFICIENT FUNDS      CUST   I       
   1000535   348281 / 013169  0001946342270102313  0441  13/11/21  13:55:35  WDL SA        20,000,000             7,500      56        INCORRECT PIN           CUST   I       
   1000896   348279 / 013163  0001946900570867180  0436  13/11/21  13:55:35  WDL SA        10,000,000             7,500      56        INCORRECT PIN           CUST   I       
   1001575   348280 / 013165  0001946901211926476  0437  13/11/21  13:55:35  WDL SA        95,000,000             7,500      56        INCORRECT PIN           CUST   I       
   1001099   000894 / 024214  0006221008217014144  0442  13/11/21  13:55:36  WDL SA                 0             7,500      56        INCORRECT PIN           CUST   I       
   1002056   348283 / 009133  0005379412072507592  0446  13/11/21  13:55:37  WDL SA        15,000,000             7,500      56        INCORRECT PIN           CUST   I       
   1000484   004334 / 024215  0006221008702550453  0444  13/11/21  13:55:37  WDL SA                 0             7,500      56        INCORRECT PIN           CUST   I       
   1000590   348284 / 009151  0006019001753401219  0451  13/11/21  13:55:39  WDL SA         5,000,000             7,500      56        INCORRECT PIN           CUST   I       
   1001318   348285 / 009159  0006019001048606069  0452  13/11/21  13:55:39  WDL SA       100,000,000             7,500      56        INCORRECT PIN           CUST   I       
   1002087   348287 / 013219  0005264223102621461  0455  13/11/21  13:55:41  WDL SA        80,000,000             7,500      56        INCORRECT PIN           CUST   I       
   1000293   348286 / 013217  0001946341300109603  0454  13/11/21  13:55:41  WDL SA        20,000,000             7,500      56        INCORRECT PIN           CUST   I       
   1000212   348288 / 009190  0006019008523296126  0456  13/11/21  13:55:42  WDL SA        50,000,000             7,500      56        INCORRECT PIN           CUST   I       
   1001751   348291 / 013246  0001946900021219379  0462  13/11/21  13:55:44  WDL SA                 0             7,500      56        INCORRECT PIN           CUST   I       
   1000359   348290 / 009226  0006019008520569004  0461  13/11/21  13:55:44  WDL SA        30,000,000             7,500      56        INCORRECT PIN           CUST   I       
   1000252   348295 / 009253  0005260512017244615  0469  13/11/21  13:55:46  WDL SA        10,000,000             7,500      56        INCORRECT PIN           CUST   I       
   1000983   348293 / 009245  0005379412051554565  0467  13/11/21  13:55:46  WDL SA       150,000,000             7,500      56        INCORRECT PIN           CUST   I       
   1001545   383090 / 030286  0006019007506860924  3891  13/11/21  22:35:34  WDL SA        20,000,000             7,500      56        INCORRECT PIN           CUST   I       
   1001743   000303 / 016390  0004624368000503895  3896  13/11/21  22:36:56  WDL SA                 0             7,500      56        INCORRECT PIN           CUST   I       
   1001718   383091 / 031584  0005379412041451088  3898  13/11/21  22:37:08  WDL SA        20,000,000             7,500      56        INCORRECT PIN           CUST   I       
   1000295   383094 / 031975  0006019005007798809  3904  13/11/21  22:37:36  WDL SA                 0             7,500      56        INCORRECT PIN           CUST   I       
   1001743   000304 / 016395  0004624368000503895  3905  13/11/21  22:37:39  WDL SA                 0             7,500      56        INCORRECT PIN           CUST   I       
   1000448   383095 / 005844  0005198933110258228  3907  13/11/21  22:37:56  WDL SA        10,000,000             7,500      56        INCORRECT PIN           CUST   I       
   1000295   383098 / 032638  0006019005007798809  3913  13/11/21  22:38:28  WDL SA                 0             7,500      56        INCORRECT PIN           CUST   I       
   4200044   383099 / 000013  0005379413038702756  3914  13/11/21  22:38:38  WDL SA        10,000,000             7,500      56        INCORRECT PIN           CUST   I       
   1001718   383100 / 000485  0006019007527067103  3917  13/11/21  22:39:14  WDL SA                 0             7,500      56        INCORRECT PIN           CUST   I       
   1001718   383101 / 000970  0006019007527067103  3922  13/11/21  22:39:52  WDL SA        15,000,000             7,500      56        INCORRECT PIN           CUST   I       
   4200044   383102 / 001063  0005379413029363154  3924  13/11/21  22:39:59  WDL SA        10,000,000             7,500      56        INCORRECT PIN           CUST   I       
   1000295   383103 / 001516  0006019005007798809  3926  13/11/21  22:40:27  WDL SA        15,000,000             7,500      56        INCORRECT PIN           CUST   I       
   4200044   383104 / 002464  0005379412050689024  3928  13/11/21  22:41:35  WDL SA        10,000,000             7,500      57        INVALID TRANSACTION     TECH   I       
   1000295   383105 / 003045  0006019005007798809  3930  13/11/21  22:42:22  WDL SA        10,000,000             7,500      57        INVALID TRANSACTION     TECH   I       
   1001154   383106 / 003235  0006019007540410645  3931  13/11/21  22:42:37  WDL SA        50,000,000             7,500      57        INVALID TRANSACTION     TECH   I       
   4200016   004545 / 016478  0004215708121130778  3932  13/11/21  22:44:06  WDL SA        30,000,000             7,500      57        INVALID TRANSACTION     TECH   I       
   --------  ---------------  -------------------  ----  --------  --------  ------  ----------------  ----------------  ----  ----  ----------------------  -----  ------
                                                        40 TRANSACTIONS, PAGE TOTAL   1,120,000,000           300,000
                                                        40 TRANSACTIONS, BANK TOTAL   1,120,000,000           300,000
   ---------------------------------------------------------------------------------------------------------------------------------------
   BANK TOTAL REJECTED TXN CLASS   CUST :    8   PROC :     0   TECH :     0   CUST-CAPT :     0   PROC-CAPT : 0
   ---------------------------------------------------------------------------------------------------------------------------------------

PAGE:   1                                             PT. ALTO NETWORK                                   DATE: 08/05/20
REPORT ID: DNLD05A                                    REJECTED TRANSACTION LISTING AS ACQUIRER                   TIME: 00:22:42

SETTLEMENT DATE   : 07/05/20
ISSUER F.I. NO.   : (1007) BTN
ACQUIRER F.I. NO. : (1100) BJB
            
   TERM      TRACE NUMBER     CARD ACCOUNT         RCPT  RCPT      RECEIPT   TRANS   AMOUNT            INTERCHANGE       RESP  REJC  DESCRIPT                REJC   RJ FEE
   NO.       ACQ / SWT        NUMBER               NBR   DATE      TIME      TYPE    REQUESTED         FEE DUE FROM      CODE  CODE  CODE                    CLASS  DUE TO
   --------  ---------------  -------------------  ----  --------  --------  ------  ----------------  ----------------  ----  ----  ----------------------  -----  ------
   1001460   383107 / 005300  0005260512020785695  3933  13/11/21  22:45:10  WDL SA        50,000,000             7,500      57        INVALID TRANSACTION     TECH   I       
   1000144   383108 / 008037  0005893850061825342  3935  13/11/21  22:45:44  WDL SA        10,000,000             7,500      57        INVALID TRANSACTION     TECH   I       
   1000879   383113 / 012675  0006019005021377945  3944  13/11/21  22:54:45  WDL SA       150,000,000             7,500      57        INVALID TRANSACTION     TECH   I       
   1002209   383114 / 011547  0001946340740662114  3947  13/11/21  22:55:14  WDL SA        20,000,000             7,500      57        INVALID TRANSACTION     TECH   I       
   1000879   383115 / 013481  0006019005021377945  3948  13/11/21  22:55:45  WDL SA       150,000,000             7,500      57        INVALID TRANSACTION     TECH   I       
   1000879   383116 / 014473  0006019005021377945  3951  13/11/21  22:57:08  WDL SA       100,000,000             7,500      57        INVALID TRANSACTION     TECH   I       
   4200027   383117 / 014960  0005307952050077552  3952  13/11/21  22:57:53  WDL SA       120,000,000             7,500      57        INVALID TRANSACTION     TECH   I       
   --------  ---------------  -------------------  ----  --------  --------  ------  ----------------  ----------------  ----  ----  ----------------------  -----  ------
                                                         7 TRANSACTIONS, PAGE TOTAL     600,000,000            52,500
                                                         7 TRANSACTIONS, BANK TOTAL     600,000,000            52,500
   ---------------------------------------------------------------------------------------------------------------------------------------
   BANK TOTAL REJECTED TXN CLASS   CUST :    8   PROC :     0   TECH :     0   CUST-CAPT :     0   PROC-CAPT : 0
   ---------------------------------------------------------------------------------------------------------------------------------------

                                                       100 TRANSACTIONS, GRAND TOTAL  3,525,000,000           750,000
   ---------------------------------------------------------------------------------------------------------------------------------------
GRAND TOTAL REJECTED TXN CLASS  CUST :  140   PROC :     0   TECH :    25   CUST-CAPT :     0   PROC-CAPT : 1
---------------------------------------------------------------------------------------------------------------------------------------
Note :   The number of CUST-CAPT (Customer Captured Card) is included in the number of CUST (Customer Rejected).
        The number of PROC-CAPT (Procedural Captured Card) is included in the number of PROC (Procedural Rejected).


                ** ** ** ** ** END OF REJECTED TRANSACTION LISTING AS ACQUIRER REPORT FOR PERMATA ** ** ** ** **
         