PAGE:   1                                             PT. PURWANTARA                                   DATE: 08/05/20
REPORT ID: DNLD03A                                    DAILY TRANSACTION LISTING AS ACQUIRER                      TIME: 00:21:12

SETTLEMENT DATE   : 07/05/20
ISSUER F.I. NO.   : (1003) Maybank
ACQUIRER F.I. NO. : (1100) BJB

   TERMINAL  TRACE NUMBER     CARD ACCOUNT         RCPT  RCPT      RCPT      TRAN    ACCOUNT        AMOUNT DUE        INTERCHANGE     
   NO.       ACQ / SWT        NUMBER               NBR   DATE      TIME      TYPE    NUMBER         FROM ISSUER       FEE DUE FROM    
   --------  ---------------  -------------------  ----  --------  --------  ------  -------------  ----------------  ----------------
   1000840   317902 / 020552  0001946900194422172  9863  13/11/21  07:59:55  WDL SA  0000001206225         500,000             7,500  
   1002211   317903 / 020553  0005264220840257822  9864  13/11/21  07:59:55  WDL SA  0000000257797               0             7,500  
   1000414   317904 / 013407  0005379413037002018  9865  13/11/21  07:59:55  WDL SA          51504          50,000             7,500  
   1000239   317905 / 013409  0005307952005822151  9869  13/11/21  07:59:56  WDL SA          73603         300,000             7,500  
   1001796   317906 / 013414  0006019005020542291  9876  13/11/21  07:59:57  WDL SA          80904               0             7,500  
   1001593   317907 / 013417  0005307952036252337  9878  13/11/21  07:59:58  WDL SA          39302         500,000             7,500  
   1000362   006422 / 024186  0004215708122797955  0302  13/11/21  13:54:55  WDL SA  0000004701500       1,100,000             7,500  
   1002070   348225 / 008580  0005379413035725339  0304  13/11/21  13:54:55  WDL SA          23504       1,000,000             7,500  
   1001218   348226 / 008599  0005379412076005254  0308  13/11/21  13:54:57  WDL SA          05007         200,000             7,500  
   1001557   348228 / 008602  0005260512021199227  0311  13/11/21  13:54:58  WDL SA          52001         200,000             7,500  
   1002247   348227 / 008601  0006019004518610611  0310  13/11/21  13:54:58  WDL SA          17716               0             7,500  
   1001276   348229 / 008612  0005307952035018044  0316  13/11/21  13:54:59  WDL SA          26502         500,000             7,500  
   1001090   348230 / 012863  0001946340190026489  0317  13/11/21  13:54:59  WDL SA  0000000376775       1,500,000             7,500  
   1001776   348231 / 008617  0005379412080122038  0318  13/11/21  13:54:59  WDL SA          30404         200,000             7,500  
   1000718   348232 / 008619  0005379413035408837  0321  13/11/21  13:54:59  WDL SA          33705         800,000             7,500  
   1001751   348233 / 012888  0001946900691849711  0325  13/11/21  13:55:02  WDL SA  0000000662242               0             7,500  
   1001279   348234 / 012892  0005264231450069811  0327  13/11/21  13:55:02  WDL SA  0000000000000               0             7,500  
   1000380   348236 / 012911  0001946901810837033  0332  13/11/21  13:55:04  WDL SA  0000000542883               0             7,500  
   1000370   348238 / 012928  0005264222592857015  0336  13/11/21  13:55:05  WDL SA  0000001175628       1,500,000             7,500  
   1001153   348237 / 012924  0005371760940079980  0333  13/11/21  13:55:05  WDL SA  0000000000000       1,500,000             7,500  
   1001731   004683 / 024197  0004854478200367750  0337  13/11/21  13:55:05  WDL SA  0000038501500               0             7,500  
   1000931   348239 / 008702  0006019007527309562  0339  13/11/21  13:55:06  WDL SA          54207         350,000             7,500  
   1001086   348241 / 012946  0001946341030259884  0343  13/11/21  13:55:07  WDL SA  0000000843809         100,000             7,500  
   1000834   348240 / 005181  0005104811106861614  0342  13/11/21  13:55:07  WDL SA     1232258098         700,000             7,500  
   1001235   348243 / 008740  0006019007517002144  0349  13/11/21  13:55:08  WDL SA          09503               0             7,500  
   1001940   348242 / 012949  0001946900462277878  0346  13/11/21  13:55:08  WDL SA  0000000478672               0             7,500  
   1000506   348244 / 008748  0006019007537096324  0354  13/11/21  13:55:09  WDL SA          49207               0             7,500  
   1001304   348245 / 008779  0006019005006506898  0356  13/11/21  13:55:11  WDL SA          65301         350,000             7,500  
   1000484   004333 / 024203  0006221008702550289  0359  13/11/21  13:55:12  WDL SA  0000004701561               0             7,500  
   1001236   348246 / 012983  0001946901810121487  0360  13/11/21  13:55:12  WDL SA  0000000475147         400,000             7,500  
   1000360   348247 / 013007  0005264221203786704  0367  13/11/21  13:55:14  WDL SA  0000000205410         100,000             7,500  
   1001293   348248 / 013011  0001946900193654502  0368  13/11/21  13:55:15  WDL SA  0000000947022               0             7,500  
   1000228   008250 / 024205  0004215708306261992  0369  13/11/21  13:55:15  WDL SA  0000016201610               0             7,500  
   1000590   348252 / 008867  0006019001753401219  0375  13/11/21  13:55:16  WDL SA          10915         100,000             7,500  
   1000127   348251 / 013019  0001946900613372271  0373  13/11/21  13:55:16  WDL SA  0000000923225               0             7,500  
   1000543   348250 / 008860  0005379413032745355  0372  13/11/21  13:55:16  WDL SA          00838         500,000             7,500  
   1001657   348249 / 013016  0005264220463476493  0371  13/11/21  13:55:16  WDL SA  0000001169284          50,000             7,500  
   1001557   348253 / 008933  0005260512021199227  0386  13/11/21  13:55:20  WDL SA          52001         100,000             7,500  
   1000968   348254 / 008954  0005307952003956522  0388  13/11/21  13:55:21  WDL SA          30205         300,000             7,500  
   1000280   348255 / 013057  0005198933130079885  0389  13/11/21  13:55:21  WDL SA  0000000361356         250,000             7,500  
   1001056   348256 / 008966  0006019007546070914  0393  13/11/21  13:55:21  WDL SA          57506         100,000             7,500  
   1000366   004220 / 024207  0004215708110972115  0390  13/11/21  13:55:21  WDL SA  0000004801500         200,000             7,500  
   1000137   348258 / 013067  0001946901810267579  0395  13/11/21  13:55:22  WDL SA  0000000497609               0             7,500  
   1001054   348257 / 013066  0006010040462694960  0394  13/11/21  13:55:22  WDL SA  0000000425456         100,000             7,500  
   1002044   348260 / 013075  0005264221800316764  0398  13/11/21  13:55:23  WDL SA  0000001315867               0             7,500  
   1002164   348259 / 013073  0005264221551419783  0397  13/11/21  13:55:23  WDL SA  0000000000000               0             7,500  
   1000787   348262 / 013079  0001946900191363148  0400  13/11/21  13:55:24  WDL SA  0000000652617         600,000             7,500  
   1001019   348263 / 027738  0004640053083586138  0402  13/11/21  13:55:25  WDL SA     1224460496         500,000             7,500  
   --------  ---------------  -------------------  ----  --------  --------  ------  -------------  ----------------  ----------------
                                                                       48 TRANSACTIONS, PAGE TOTAL      14,650,000           360,000
PAGE:   1                                             PT. PURWANTARA                                   DATE: 08/05/20
REPORT ID: DNLD03A                                    DAILY TRANSACTION LISTING AS ACQUIRER                      TIME: 00:21:12

SETTLEMENT DATE   : 07/05/20
ISSUER F.I. NO.   : (1003) Maybank
ACQUIRER F.I. NO. : (1100) BJB

   TERMINAL  TRACE NUMBER     CARD ACCOUNT         RCPT  RCPT      RCPT      TRAN    ACCOUNT        AMOUNT DUE        INTERCHANGE     
   NO.       ACQ / SWT        NUMBER               NBR   DATE      TIME      TYPE    NUMBER         FROM ISSUER       FEE DUE FROM    
   --------  ---------------  -------------------  ----  --------  --------  ------  -------------  ----------------  ----------------
   1000080   348264 / 009013  0005260512021222748  0403  13/11/21  13:55:25  WDL SA          09406         300,000             7,500  
   1001503   348265 / 009024  0006019002673150233  0406  13/11/21  13:55:26  WDL SA          00604         150,000             7,500  
   1000388   348267 / 009035  0005379413035865564  0411  13/11/21  13:55:27  WDL SA          15601       1,300,000             7,500  
   1001093   348266 / 009027  0006019001756247155  0407  13/11/21  13:55:27  WDL SA          79201         650,000             7,500  
   1001021   348268 / 013111  0005264222852761691  0413  13/11/21  13:55:28  WDL SA  0000000901648       1,000,000             7,500  
   1002261   348269 / 009054  0006019005003824971  0416  13/11/21  13:55:29  WDL SA          75706       1,000,000             7,500  
   1001619   348270 / 009057  0006019007529162431  0417  13/11/21  13:55:29  WDL SA          57653       1,500,000             7,500  
   1001390   348271 / 009068  0006019005019407589  0418  13/11/21  13:55:30  WDL SA  0000000000000               0             7,500  
   1000306   348272 / 027751  0005893851242914278  0421  13/11/21  13:55:31  WDL SA     1223778174         100,000             7,500  
   1001998   348273 / 013148  0001946900740801135  0423  13/11/21  13:55:32  WDL SA     0481355331         450,000             7,500  
   1000680   348274 / 009092  0006019002673692515  0425  13/11/21  13:55:33  WDL SA          28313               0             7,500  
   1000386   348276 / 013152  0001946903110490109  0428  13/11/21  13:55:33  WDL SA  0000000711001         100,000             7,500  
   1000144   348278 / 013158  0005264220372836928  0435  13/11/21  13:55:34  WDL SA  0000000751089               0             7,500  
   1000620   348277 / 009107  0005260512019591781  0434  13/11/21  13:55:34  WDL SA          53601         200,000             7,500  
   1000535   348281 / 013169  0001946342270102313  0441  13/11/21  13:55:35  WDL SA  0000000845286         200,000             7,500  
   1000896   348279 / 013163  0001946900570867180  0436  13/11/21  13:55:35  WDL SA  0000000555078         100,000             7,500  
   1001575   348280 / 013165  0001946901211926476  0437  13/11/21  13:55:35  WDL SA  0000000666428         950,000             7,500  
   1001099   000894 / 024214  0006221008217014144  0442  13/11/21  13:55:36  WDL SA  0000027001580               0             7,500  
   1002056   348283 / 009133  0005379412072507592  0446  13/11/21  13:55:37  WDL SA          37707         150,000             7,500  
   1000484   004334 / 024215  0006221008702550453  0444  13/11/21  13:55:37  WDL SA  0000004701561               0             7,500  
   1000590   348284 / 009151  0006019001753401219  0451  13/11/21  13:55:39  WDL SA          10915          50,000             7,500  
   --------  ---------------  -------------------  ----  --------  --------  ------  -------------  ----------------  ----------------
                                                                       21 TRANSACTIONS, PAGE TOTAL       8,200,000           157,500
                                                                       21 TRANSACTIONS, BANK TOTAL       8,200,000           157,500
PAGE:   1                                             PT. PURWANTARA                                   DATE: 08/05/20
REPORT ID: DNLD03A                                    DAILY TRANSACTION LISTING AS ACQUIRER                      TIME: 00:21:12

SETTLEMENT DATE   : 07/05/20
ISSUER F.I. NO.   : (1006) Sinarmas
ACQUIRER F.I. NO. : (1100) BJB

   TERMINAL  TRACE NUMBER     CARD ACCOUNT         RCPT  RCPT      RCPT      TRAN    ACCOUNT        AMOUNT DUE        INTERCHANGE     
   NO.       ACQ / SWT        NUMBER               NBR   DATE      TIME      TYPE    NUMBER         FROM ISSUER       FEE DUE FROM    
   --------  ---------------  -------------------  ----  --------  --------  ------  -------------  ----------------  ----------------
   1001318   348285 / 009159  0006019001048606069  0452  13/11/21  13:55:39  WDL SA          61502       1,000,000             7,500  
   1002087   348287 / 013219  0005264223102621461  0455  13/11/21  13:55:41  WDL SA  0000000018714         800,000             7,500  
   1000293   348286 / 013217  0001946341300109603  0454  13/11/21  13:55:41  WDL SA  0000000332154         200,000             7,500  
   1000212   348288 / 009190  0006019008523296126  0456  13/11/21  13:55:42  WDL SA          76208         500,000             7,500  
   1001751   348291 / 013246  0001946900021219379  0462  13/11/21  13:55:44  WDL SA  0000000927785               0             7,500  
   1000359   348290 / 009226  0006019008520569004  0461  13/11/21  13:55:44  WDL SA          34318         300,000             7,500  
   1000252   348295 / 009253  0005260512017244615  0469  13/11/21  13:55:46  WDL SA          57250         100,000             7,500  
   1000983   348293 / 009245  0005379412051554565  0467  13/11/21  13:55:46  WDL SA          18410       1,500,000             7,500  
   1001545   383090 / 030286  0006019007506860924  3891  13/11/21  22:35:34  WDL SA          36400         200,000             7,500  
   1001743   000303 / 016390  0004624368000503895  3896  13/11/21  22:36:56  WDL SA  0000000007413               0             7,500  
   1001718   383091 / 031584  0005379412041451088  3898  13/11/21  22:37:08  WDL SA          57903         200,000             7,500  
   1000295   383094 / 031975  0006019005007798809  3904  13/11/21  22:37:36  WDL SA          80105               0             7,500  
   1001743   000304 / 016395  0004624368000503895  3905  13/11/21  22:37:39  WDL SA  0000000007413               0             7,500  
   1000448   383095 / 005844  0005198933110258228  3907  13/11/21  22:37:56  WDL SA  0000000618534         100,000             7,500  
   1000295   383098 / 032638  0006019005007798809  3913  13/11/21  22:38:28  WDL SA          80105               0             7,500  
   4200044   383099 / 000013  0005379413038702756  3914  13/11/21  22:38:38  WDL SA          76511         100,000             7,500  
   1001718   383100 / 000485  0006019007527067103  3917  13/11/21  22:39:14  WDL SA          57754               0             7,500  
   1001718   383101 / 000970  0006019007527067103  3922  13/11/21  22:39:52  WDL SA          57754         150,000             7,500  
   4200044   383102 / 001063  0005379413029363154  3924  13/11/21  22:39:59  WDL SA          71513         100,000             7,500  
   1000295   383103 / 001516  0006019005007798809  3926  13/11/21  22:40:27  WDL SA          80105         150,000             7,500  
   4200044   383104 / 002464  0005379412050689024  3928  13/11/21  22:41:35  WDL SA          21703         100,000             7,500  
   1000295   383105 / 003045  0006019005007798809  3930  13/11/21  22:42:22  WDL SA          80105         100,000             7,500  
   1001154   383106 / 003235  0006019007540410645  3931  13/11/21  22:42:37  WDL SA          61406         500,000             7,500  
   4200016   004545 / 016478  0004215708121130778  3932  13/11/21  22:44:06  WDL SA  0000005301580         300,000             7,500  
   1001460   383107 / 005300  0005260512020785695  3933  13/11/21  22:45:10  WDL SA          19914         500,000             7,500  
   1000144   383108 / 008037  0005893850061825342  3935  13/11/21  22:45:44  WDL SA     9899362516         100,000             7,500  
   1000879   383113 / 012675  0006019005021377945  3944  13/11/21  22:54:45  WDL SA          28315       1,500,000             7,500  
   1002209   383114 / 011547  0001946340740662114  3947  13/11/21  22:55:14  WDL SA  0000000000000         200,000             7,500  
   1000879   383115 / 013481  0006019005021377945  3948  13/11/21  22:55:45  WDL SA          28315       1,500,000             7,500  
   1000879   383116 / 014473  0006019005021377945  3951  13/11/21  22:57:08  WDL SA          28315       1,000,000             7,500  
   4200027   383117 / 014960  0005307952050077552  3952  13/11/21  22:57:53  WDL SA          24519       1,200,000             7,500  
   --------  ---------------  -------------------  ----  --------  --------  ------  -------------  ----------------  ----------------
                                                                       31 TRANSACTIONS, PAGE TOTAL      12,400,000           232,500
                                                                       31 TRANSACTIONS, BANK TOTAL      12,400,000           232,500
                                                                      100 TRANSACTIONS, GRAND TOTAL     35,250,000           750,000

NOTE: TRANSACTIONS MARKED WITH A '*' ARE COUNTED, BUT THEIR AMOUNTS ARE NOT ADDED TO THE PAGE, BANK OR GRAND TOTALS.


                  ** ** ** ** ** END OF DAILY TRANSFER TRANSACTION LISTING AS ACQUIRER REPORT FOR PERMATA ** ** ** ** ** 